# JRE version: OpenJDK Runtime Environment Temurin-17.0.3+7 (17.0.3+7) (build 17.0.3+7)
# Java VM: OpenJDK 64-Bit Server VM Temurin-17.0.3+7 (17.0.3+7, mixed mode, tiered, compressed oops, compressed class ptrs, g1 gc, windows-amd64)
GC Precious Log:
 CPUs: 8 total, 8 available
 Memory: 3732M
 Large Page Support: Disabled
 NUMA Support: Disabled
 Compressed Oops: Enabled (32-bit)
 Heap Region Size: 1M
 Heap Min Capacity: 8M
 Heap Initial Capacity: 60M
 Heap Max Capacity: 934M
 Pre-touch: Disabled
 Parallel Workers: 8
 Concurrent Workers: 2
 Concurrent Refinement Workers: 8
 Periodic GC: Disabled
Heap:
 garbage-first heap   total 70656K, used 53763K [0x00000000c5a00000, 0x0000000100000000)
  region size 1024K, 15 young (15360K), 1 survivors (1024K)
 Metaspace       used 84081K, committed 84544K, reserved 1122304K
  class space    used 10854K, committed 11072K, reserved 1048576K
GC Heap History (20 events):
Event: 11.220 GC heap before
{Heap before GC invocations=19 (full 0):
 garbage-first heap   total 55296K, used 43210K [0x00000000c5a00000, 0x0000000100000000)
  region size 1024K, 17 young (17408K), 3 survivors (3072K)
 Metaspace       used 62766K, committed 63168K, reserved 1105920K
  class space    used 8086K, committed 8256K, reserved 1048576K
}
Event: 11.224 GC heap after
{Heap after GC invocations=20 (full 0):
 garbage-first heap   total 55296K, used 29929K [0x00000000c5a00000, 0x0000000100000000)
  region size 1024K, 2 young (2048K), 2 survivors (2048K)
 Metaspace       used 62766K, committed 63168K, reserved 1105920K
  class space    used 8086K, committed 8256K, reserved 1048576K
}
Event: 11.734 GC heap before
{Heap before GC invocations=21 (full 0):
 garbage-first heap   total 55296K, used 44265K [0x00000000c5a00000, 0x0000000100000000)
  region size 1024K, 16 young (16384K), 2 survivors (2048K)
 Metaspace       used 66465K, committed 66880K, reserved 1114112K
  class space    used 8529K, committed 8768K, reserved 1048576K
}
Event: 11.738 GC heap after
{Heap after GC invocations=22 (full 0):
 garbage-first heap   total 55296K, used 31617K [0x00000000c5a00000, 0x0000000100000000)
  region size 1024K, 2 young (2048K), 2 survivors (2048K)
 Metaspace       used 66465K, committed 66880K, reserved 1114112K
  class space    used 8529K, committed 8768K, reserved 1048576K
}
Event: 12.158 GC heap before
{Heap before GC invocations=22 (full 0):
 garbage-first heap   total 55296K, used 44929K [0x00000000c5a00000, 0x0000000100000000)
  region size 1024K, 15 young (15360K), 2 survivors (2048K)
 Metaspace       used 68021K, committed 68416K, reserved 1114112K
  class space    used 8720K, committed 8896K, reserved 1048576K
}
Event: 12.162 GC heap after
{Heap after GC invocations=23 (full 0):
 garbage-first heap   total 66560K, used 33046K [0x00000000c5a00000, 0x0000000100000000)
  region size 1024K, 2 young (2048K), 2 survivors (2048K)
 Metaspace       used 68021K, committed 68416K, reserved 1114112K
  class space    used 8720K, committed 8896K, reserved 1048576K
}
Event: 12.751 GC heap before
{Heap before GC invocations=24 (full 0):
 garbage-first heap   total 66560K, used 52502K [0x00000000c5a00000, 0x0000000100000000)
  region size 1024K, 21 young (21504K), 2 survivors (2048K)
 Metaspace       used 70508K, committed 70912K, reserved 1114112K
  class space    used 9093K, committed 9280K, reserved 1048576K
}
Event: 12.754 GC heap after
{Heap after GC invocations=25 (full 0):
 garbage-first heap   total 66560K, used 34594K [0x00000000c5a00000, 0x0000000100000000)
  region size 1024K, 3 young (3072K), 3 survivors (3072K)
 Metaspace       used 70508K, committed 70912K, reserved 1114112K
  class space    used 9093K, committed 9280K, reserved 1048576K
}
Event: 13.386 GC heap before
{Heap before GC invocations=25 (full 0):
 garbage-first heap   total 66560K, used 54050K [0x00000000c5a00000, 0x0000000100000000)
  region size 1024K, 22 young (22528K), 3 survivors (3072K)
 Metaspace       used 72637K, committed 73024K, reserved 1114112K
  class space    used 9394K, committed 9600K, reserved 1048576K
}
Event: 13.393 GC heap after
{Heap after GC invocations=26 (full 0):
 garbage-first heap   total 66560K, used 36299K [0x00000000c5a00000, 0x0000000100000000)
  region size 1024K, 2 young (2048K), 2 survivors (2048K)
 Metaspace       used 72637K, committed 73024K, reserved 1114112K
  class space    used 9394K, committed 9600K, reserved 1048576K
}
Event: 14.213 GC heap before
{Heap before GC invocations=27 (full 0):
 garbage-first heap   total 66560K, used 53707K [0x00000000c5a00000, 0x0000000100000000)
  region size 1024K, 19 young (19456K), 2 survivors (2048K)
 Metaspace       used 75714K, committed 76160K, reserved 1122304K
  class space    used 9844K, committed 10048K, reserved 1048576K
}
Event: 14.218 GC heap after
{Heap after GC invocations=28 (full 0):
 garbage-first heap   total 66560K, used 38953K [0x00000000c5a00000, 0x0000000100000000)
  region size 1024K, 3 young (3072K), 3 survivors (3072K)
 Metaspace       used 75714K, committed 76160K, reserved 1122304K
  class space    used 9844K, committed 10048K, reserved 1048576K
}
Event: 14.258 GC heap before
{Heap before GC invocations=28 (full 0):
 garbage-first heap   total 66560K, used 39977K [0x00000000c5a00000, 0x0000000100000000)
  region size 1024K, 4 young (4096K), 3 survivors (3072K)
 Metaspace       used 75970K, committed 76416K, reserved 1122304K
  class space    used 9885K, committed 10112K, reserved 1048576K
}
Event: 14.264 GC heap after
{Heap after GC invocations=29 (full 0):
 garbage-first heap   total 66560K, used 38743K [0x00000000c5a00000, 0x0000000100000000)
  region size 1024K, 1 young (1024K), 1 survivors (1024K)
 Metaspace       used 75970K, committed 76416K, reserved 1122304K
  class space    used 9885K, committed 10112K, reserved 1048576K
}
Event: 15.041 GC heap before
{Heap before GC invocations=29 (full 0):
 garbage-first heap   total 66560K, used 53079K [0x00000000c5a00000, 0x0000000100000000)
  region size 1024K, 15 young (15360K), 1 survivors (1024K)
 Metaspace       used 79385K, committed 79808K, reserved 1122304K
  class space    used 10334K, committed 10560K, reserved 1048576K
}
Event: 15.045 GC heap after
{Heap after GC invocations=30 (full 0):
 garbage-first heap   total 66560K, used 39585K [0x00000000c5a00000, 0x0000000100000000)
  region size 1024K, 2 young (2048K), 2 survivors (2048K)
 Metaspace       used 79385K, committed 79808K, reserved 1122304K
  class space    used 10334K, committed 10560K, reserved 1048576K
}
Event: 55.686 GC heap before
{Heap before GC invocations=31 (full 0):
 garbage-first heap   total 70656K, used 52897K [0x00000000c5a00000, 0x0000000100000000)
  region size 1024K, 15 young (15360K), 2 survivors (2048K)
 Metaspace       used 81857K, committed 82304K, reserved 1122304K
  class space    used 10657K, committed 10880K, reserved 1048576K
}
Event: 55.707 GC heap after
{Heap after GC invocations=32 (full 0):
 garbage-first heap   total 70656K, used 40593K [0x00000000c5a00000, 0x0000000100000000)
  region size 1024K, 1 young (1024K), 1 survivors (1024K)
 Metaspace       used 81857K, committed 82304K, reserved 1122304K
  class space    used 10657K, committed 10880K, reserved 1048576K
}
Event: 61.977 GC heap before
{Heap before GC invocations=32 (full 0):
 garbage-first heap   total 70656K, used 41617K [0x00000000c5a00000, 0x0000000100000000)
  region size 1024K, 3 young (3072K), 1 survivors (1024K)
 Metaspace       used 82548K, committed 82944K, reserved 1122304K
  class space    used 10735K, committed 10944K, reserved 1048576K
}
Event: 62.009 GC heap after
{Heap after GC invocations=33 (full 0):
 garbage-first heap   total 70656K, used 40451K [0x00000000c5a00000, 0x0000000100000000)
  region size 1024K, 1 young (1024K), 1 survivors (1024K)
 Metaspace       used 82548K, committed 82944K, reserved 1122304K
  class space    used 10735K, committed 10944K, reserved 1048576K
}

